22:42:06: Creating resource group General
22:42:06: Creating resource group Internal
22:42:06: Creating resource group Autodetect
22:42:06: Registering ResourceManager for type Mesh
22:42:06: Registering ResourceManager for type Material
22:42:06: Registering ResourceManager for type Skeleton
22:42:06: XMLMeshSerializer reading mesh data from pot2.mesh.xml...
22:42:06: Reading submeshes...
22:42:06: Reading geometry...
22:42:06: Geometry done...
22:42:06: Reading geometry...
22:42:06: Geometry done...
22:42:06: Reading geometry...
22:42:06: Geometry done...
22:42:06: Submeshes done.
22:42:06: XMLMeshSerializer import successful.
22:42:06: Reorganising vertex buffers to automatic layout..
22:42:06: MeshSerializer writing mesh data to pot2.mesh...
22:42:06: File header written.
22:42:06: Writing mesh data...
22:42:06: Writing submesh...
22:42:06: Exporting submesh texture aliases...
22:42:06: Submesh texture aliases exported.
22:42:06: Submesh exported.
22:42:06: Writing submesh...
22:42:06: Exporting submesh texture aliases...
22:42:06: Submesh texture aliases exported.
22:42:06: Submesh exported.
22:42:06: Writing submesh...
22:42:06: Exporting submesh texture aliases...
22:42:06: Submesh texture aliases exported.
22:42:06: Submesh exported.
22:42:06: Exporting bounds information....
22:42:06: Bounds information exported.
22:42:06: Exporting submesh name table...
22:42:06: Submesh name table exported.
22:42:06: Exporting edge lists...
22:42:06: Edge lists exported
22:42:06: Mesh data exported.
22:42:06: MeshSerializer export successful.
22:42:06: Unregistering ResourceManager for type Skeleton
22:42:06: Unregistering ResourceManager for type Material
22:42:06: Unregistering ResourceManager for type Mesh
