==Virtual Machine==
Runtime: Java(TM) SE Runtime Environment
Vendor: Sun Microsystems Inc.
Version: 1.6.0_05-b13
Classpath: E:\RADAKAN\lib\jme-audio.jar;E:\RADAKAN\lib\jme-awt.jar;E:\RADAKAN\lib\jme-collada.jar;E:\RADAKAN\lib\jme-context.jar;E:\RADAKAN\lib\jme-editors.jar;E:\RADAKAN\lib\jme-effects.jar;E:\RADAKAN\lib\jme-font.jar;E:\RADAKAN\lib\jme-gamestates.jar;E:\RADAKAN\lib\jme-model.jar;E:\RADAKAN\lib\jme-scene.jar;E:\RADAKAN\lib\jme-splatting.jar;E:\RADAKAN\lib\jme-terrain.jar;E:\RADAKAN\lib\jme-xml.jar;E:\RADAKAN\lib\jme.jar;E:\RADAKAN\lib\jmetest-data-cursor.jar;E:\RADAKAN\lib\jmetest-data-images.jar;E:\RADAKAN\lib\jmetest-data-model.jar;E:\RADAKAN\lib\jmetest-data-skybox1.jar;E:\RADAKAN\lib\jmetest-data-sound.jar;E:\RADAKAN\lib\jmetest-data-texture.jar;E:\RADAKAN\lib\jmetest.jar;E:\RADAKAN\lib\jogg-0.0.7.jar;E:\RADAKAN\lib\jorbis-0.0.15.jar;E:\RADAKAN\lib\lwjgl.jar;E:\RADAKAN\lib\md5import.jar;E:\RADAKAN\lib\swing-layout-1.0.3.jar;E:\RADAKAN\lib\fenggui.jar;E:\RADAKAN\build\classes

==System==
OS Architecture: x86
OS Name: Windows Vista
OS Version: 6.0
Locale: en_US
Processor count: 2
Free memory: 997 MB
Total memory: 1009 MB
Max memory: 1009 MB

==Log==


==Exception==
Description: The native library "lwjgl.dll" cannot be found
java.lang.UnsatisfiedLinkError: no lwjgl in java.library.path
	at java.lang.ClassLoader.loadLibrary(ClassLoader.java:1682)
	at java.lang.Runtime.loadLibrary0(Runtime.java:823)
	at java.lang.System.loadLibrary(System.java:1030)
	at org.lwjgl.Sys$1.run(Sys.java:75)
	at java.security.AccessController.doPrivileged(Native Method)
	at org.lwjgl.Sys.doLoadLibrary(Sys.java:68)
	at org.lwjgl.Sys.loadLibrary(Sys.java:84)
	at org.lwjgl.Sys.<clinit>(Sys.java:101)
	at com.jme.util.lwjgl.LWJGLTimer.<clinit>(LWJGLTimer.java:67)
	at com.gibbon.jme.context.lwjgl.LWJGLContext.init(LWJGLContext.java:197)
	at com.gibbon.jme.context.lwjgl.LWJGLContext.start(LWJGLContext.java:92)
	at com.gibbon.radakan.Main.loadDisplay(Main.java:270)
	at com.gibbon.radakan.Main.main(Main.java:477)

