 ---------------------------------------------------------------------------------------------------------------------------------- 
|                                          Memory leak report for:  03/10/2007 16:29:06                                            |
 ---------------------------------------------------------------------------------------------------------------------------------- 


702 memory leaks found:

Alloc.   Addr       Size       Addr       Size                        BreakOn BreakOn              
Number Reported   Reported    Actual     Actual     Unused    Method  Dealloc Realloc Allocated by 
------ ---------- ---------- ---------- ---------- ---------- -------- ------- ------- --------------------------------------------------- 
000001 0x003D25D0 0x00000014 0x003D25C0 0x00000034 0x00000000 new         N       N    ??(0) ??
000028 0x003D28F8 0x00000020 0x003D28E8 0x00000040 0x00000000 new         N       N    ??(0) ??
000029 0x003DD3C8 0x00000018 0x003DD3B8 0x00000038 0x00000000 new         N       N    ??(0) ??
000030 0x003DD408 0x00000014 0x003DD3F8 0x00000034 0x00000000 new         N       N    ??(0) ??
000031 0x003DD448 0x00000015 0x003DD438 0x00000035 0x00000000 new         N       N    ??(0) ??
000033 0x003DD4C8 0x00000017 0x003DD4B8 0x00000037 0x00000000 new         N       N    ??(0) ??
000035 0x003DD548 0x0000001B 0x003DD538 0x0000003B 0x00000000 new         N       N    ??(0) ??
000341 0x003DD958 0x0000003C 0x003DD948 0x0000005C 0x00000000 new         N       N    ??(0) ??
000219 0x003DE3B8 0x00000014 0x003DE3A8 0x00000034 0x00000000 new         N       N    ??(0) ??
000220 0x003DE480 0x00000019 0x003DE470 0x00000039 0x00000000 new         N       N    ??(0) ??
000221 0x003DE4C8 0x00000012 0x003DE4B8 0x00000032 0x00000000 new         N       N    ??(0) ??
000466 0x003DEC18 0x00000034 0x003DEC08 0x00000054 0x00000000 new         N       N    OgreRoot.cpp(132) ???
000488 0x003DED48 0x00000048 0x003DED38 0x00000068 0x00000000 new         N       N    OgreRoot.cpp(141) ???
001002 0x003DEDB8 0x00000054 0x003DEDA8 0x00000074 0x00000000 new         N       N    OgreCompositorManager.cpp(88) ???
000467 0x003DEE38 0x00000060 0x003DEE28 0x00000080 0x00000000 new         N       N    OgreRoot.cpp(135) ???
000998 0x003DEEC0 0x00000070 0x003DEEB0 0x00000090 0x00000000 new         N       N    OgreRoot.cpp(195) ???
000986 0x003DEF58 0x00000070 0x003DEF48 0x00000090 0x00000000 new         N       N    OgreRoot.cpp(192) ???
002418 0x003DF098 0x000000F0 0x003DF088 0x00000110 0x00000000 new         N       N    ??(0) ??
000222 0x003DF560 0x00000011 0x003DF550 0x00000031 0x00000000 new         N       N    ??(0) ??
000332 0x019D0588 0x00000013 0x019D0578 0x00000033 0x00000000 new         N       N    ??(0) ??
000336 0x019D1360 0x00000019 0x019D1350 0x00000039 0x00000000 new         N       N    ??(0) ??
000338 0x019D13E8 0x0000001B 0x019D13D8 0x0000003B 0x00000000 new         N       N    ??(0) ??
000339 0x019D1430 0x0000001C 0x019D1420 0x0000003C 0x00000000 new         N       N    ??(0) ??
000340 0x019D1478 0x00000024 0x019D1468 0x00000044 0x00000000 new         N       N    ??(0) ??
000342 0x019D14C8 0x00000018 0x019D14B8 0x00000038 0x00000000 new         N       N    ??(0) ??
000343 0x019D1508 0x00000024 0x019D14F8 0x00000044 0x00000000 new         N       N    ??(0) ??
000344 0x019D1558 0x0000003C 0x019D1548 0x0000005C 0x00000000 new         N       N    ??(0) ??
000345 0x019D15C0 0x00000018 0x019D15B0 0x00000038 0x00000000 new         N       N    ??(0) ??
000346 0x019D1600 0x00000024 0x019D15F0 0x00000044 0x00000000 new         N       N    ??(0) ??
000347 0x019D1650 0x0000003C 0x019D1640 0x0000005C 0x00000000 new         N       N    ??(0) ??
000348 0x019D16B8 0x00000018 0x019D16A8 0x00000038 0x00000000 new         N       N    ??(0) ??
000349 0x019D16F8 0x00000024 0x019D16E8 0x00000044 0x00000000 new         N       N    ??(0) ??
000350 0x019D1748 0x0000003C 0x019D1738 0x0000005C 0x00000000 new         N       N    ??(0) ??
000351 0x019D17B0 0x00000018 0x019D17A0 0x00000038 0x00000000 new         N       N    ??(0) ??
000352 0x019D17F0 0x00000024 0x019D17E0 0x00000044 0x00000000 new         N       N    ??(0) ??
000353 0x019D1840 0x0000003C 0x019D1830 0x0000005C 0x00000000 new         N       N    ??(0) ??
000354 0x019D18A8 0x00000018 0x019D1898 0x00000038 0x00000000 new         N       N    ??(0) ??
000355 0x019D18E8 0x00000024 0x019D18D8 0x00000044 0x00000000 new         N       N    ??(0) ??
000356 0x019D1938 0x0000003C 0x019D1928 0x0000005C 0x00000000 new         N       N    ??(0) ??
000357 0x019D19A0 0x00000018 0x019D1990 0x00000038 0x00000000 new         N       N    ??(0) ??
000358 0x019D19E0 0x00000024 0x019D19D0 0x00000044 0x00000000 new         N       N    ??(0) ??
000359 0x019D1A30 0x0000003C 0x019D1A20 0x0000005C 0x00000000 new         N       N    ??(0) ??
000360 0x019D1A98 0x00000018 0x019D1A88 0x00000038 0x00000000 new         N       N    ??(0) ??
000361 0x019D1AD8 0x00000024 0x019D1AC8 0x00000044 0x00000000 new         N       N    ??(0) ??
000362 0x019D1B28 0x0000003C 0x019D1B18 0x0000005C 0x00000000 new         N       N    ??(0) ??
000363 0x019D1B90 0x00000018 0x019D1B80 0x00000038 0x00000000 new         N       N    ??(0) ??
000364 0x019D1BD0 0x00000024 0x019D1BC0 0x00000044 0x00000000 new         N       N    ??(0) ??
000365 0x019D1C20 0x0000003C 0x019D1C10 0x0000005C 0x00000000 new         N       N    ??(0) ??
000366 0x019D1C88 0x00000018 0x019D1C78 0x00000038 0x00000000 new         N       N    ??(0) ??
000367 0x019D1CC8 0x00000024 0x019D1CB8 0x00000044 0x00000000 new         N       N    ??(0) ??
000368 0x019D1D18 0x0000003C 0x019D1D08 0x0000005C 0x00000000 new         N       N    ??(0) ??
000369 0x019D1D80 0x00000018 0x019D1D70 0x00000038 0x00000000 new         N       N    ??(0) ??
000370 0x019D1DC0 0x00000024 0x019D1DB0 0x00000044 0x00000000 new         N       N    ??(0) ??
000371 0x019D1E10 0x0000003C 0x019D1E00 0x0000005C 0x00000000 new         N       N    ??(0) ??
000372 0x019D1E78 0x00000018 0x019D1E68 0x00000038 0x00000000 new         N       N    ??(0) ??
000373 0x019D1EB8 0x00000024 0x019D1EA8 0x00000044 0x00000000 new         N       N    ??(0) ??
000374 0x019D1F08 0x0000003C 0x019D1EF8 0x0000005C 0x00000000 new         N       N    ??(0) ??
000375 0x019D1F70 0x00000018 0x019D1F60 0x00000038 0x00000000 new         N       N    ??(0) ??
000376 0x019D1FB0 0x00000024 0x019D1FA0 0x00000044 0x00000000 new         N       N    ??(0) ??
000377 0x019D2000 0x0000003C 0x019D1FF0 0x0000005C 0x00000000 new         N       N    ??(0) ??
000378 0x019D6088 0x00000018 0x019D6078 0x00000038 0x00000000 new         N       N    ??(0) ??
000379 0x019D60C8 0x00000024 0x019D60B8 0x00000044 0x00000000 new         N       N    ??(0) ??
000380 0x019D6118 0x0000003C 0x019D6108 0x0000005C 0x00000000 new         N       N    ??(0) ??
000381 0x019D6180 0x00000018 0x019D6170 0x00000038 0x00000000 new         N       N    ??(0) ??
000382 0x019D61C0 0x00000024 0x019D61B0 0x00000044 0x00000000 new         N       N    ??(0) ??
000383 0x019D6210 0x0000003C 0x019D6200 0x0000005C 0x00000000 new         N       N    ??(0) ??
000384 0x019D6278 0x00000018 0x019D6268 0x00000038 0x00000000 new         N       N    ??(0) ??
000385 0x019D62B8 0x00000024 0x019D62A8 0x00000044 0x00000000 new         N       N    ??(0) ??
000386 0x019D6308 0x0000003C 0x019D62F8 0x0000005C 0x00000000 new         N       N    ??(0) ??
000387 0x019D6370 0x00000018 0x019D6360 0x00000038 0x00000000 new         N       N    ??(0) ??
000388 0x019D63B0 0x00000024 0x019D63A0 0x00000044 0x00000000 new         N       N    ??(0) ??
000389 0x019D6400 0x0000003C 0x019D63F0 0x0000005C 0x00000000 new         N       N    ??(0) ??
000390 0x019D6468 0x00000018 0x019D6458 0x00000038 0x00000000 new         N       N    ??(0) ??
000391 0x019D64A8 0x00000024 0x019D6498 0x00000044 0x00000000 new         N       N    ??(0) ??
000392 0x019D64F8 0x0000003C 0x019D64E8 0x0000005C 0x00000000 new         N       N    ??(0) ??
000393 0x019D6560 0x00000018 0x019D6550 0x00000038 0x00000000 new         N       N    ??(0) ??
000394 0x019D65A0 0x00000024 0x019D6590 0x00000044 0x00000000 new         N       N    ??(0) ??
000395 0x019D65F0 0x0000003C 0x019D65E0 0x0000005C 0x00000000 new         N       N    ??(0) ??
000396 0x019D6658 0x00000018 0x019D6648 0x00000038 0x00000000 new         N       N    ??(0) ??
000397 0x019D6698 0x00000024 0x019D6688 0x00000044 0x00000000 new         N       N    ??(0) ??
000398 0x019D66E8 0x0000003C 0x019D66D8 0x0000005C 0x00000000 new         N       N    ??(0) ??
000399 0x019D6750 0x00000018 0x019D6740 0x00000038 0x00000000 new         N       N    ??(0) ??
000400 0x019D6790 0x00000024 0x019D6780 0x00000044 0x00000000 new         N       N    ??(0) ??
000401 0x019D67E0 0x0000003C 0x019D67D0 0x0000005C 0x00000000 new         N       N    ??(0) ??
000402 0x019D6848 0x00000018 0x019D6838 0x00000038 0x00000000 new         N       N    ??(0) ??
000403 0x019D6888 0x00000024 0x019D6878 0x00000044 0x00000000 new         N       N    ??(0) ??
000404 0x019D68D8 0x0000003C 0x019D68C8 0x0000005C 0x00000000 new         N       N    ??(0) ??
000405 0x019D6940 0x00000018 0x019D6930 0x00000038 0x00000000 new         N       N    ??(0) ??
000406 0x019D6980 0x00000024 0x019D6970 0x00000044 0x00000000 new         N       N    ??(0) ??
000407 0x019D69D0 0x0000003C 0x019D69C0 0x0000005C 0x00000000 new         N       N    ??(0) ??
000408 0x019D6A38 0x00000018 0x019D6A28 0x00000038 0x00000000 new         N       N    ??(0) ??
000409 0x019D6A78 0x00000024 0x019D6A68 0x00000044 0x00000000 new         N       N    ??(0) ??
000410 0x019D6AC8 0x0000003C 0x019D6AB8 0x0000005C 0x00000000 new         N       N    ??(0) ??
000411 0x019D6B30 0x00000018 0x019D6B20 0x00000038 0x00000000 new         N       N    ??(0) ??
000412 0x019D6B70 0x00000024 0x019D6B60 0x00000044 0x00000000 new         N       N    ??(0) ??
000413 0x019D6BC0 0x0000003C 0x019D6BB0 0x0000005C 0x00000000 new         N       N    ??(0) ??
000414 0x019D6C28 0x00000018 0x019D6C18 0x00000038 0x00000000 new         N       N    ??(0) ??
000415 0x019D6C68 0x00000024 0x019D6C58 0x00000044 0x00000000 new         N       N    ??(0) ??
000416 0x019D6CB8 0x0000003C 0x019D6CA8 0x0000005C 0x00000000 new         N       N    ??(0) ??
000417 0x019D6D20 0x00000018 0x019D6D10 0x00000038 0x00000000 new         N       N    ??(0) ??
000418 0x019D6D60 0x00000024 0x019D6D50 0x00000044 0x00000000 new         N       N    ??(0) ??
000419 0x019D6DB0 0x0000003C 0x019D6DA0 0x0000005C 0x00000000 new         N       N    ??(0) ??
000420 0x019D6E18 0x00000018 0x019D6E08 0x00000038 0x00000000 new         N       N    ??(0) ??
000421 0x019D6E58 0x00000024 0x019D6E48 0x00000044 0x00000000 new         N       N    ??(0) ??
000422 0x019D6EA8 0x0000003C 0x019D6E98 0x0000005C 0x00000000 new         N       N    ??(0) ??
000423 0x019D6F10 0x00000018 0x019D6F00 0x00000038 0x00000000 new         N       N    ??(0) ??
000424 0x019D6F50 0x00000024 0x019D6F40 0x00000044 0x00000000 new         N       N    ??(0) ??
000425 0x019D6FA0 0x0000003C 0x019D6F90 0x0000005C 0x00000000 new         N       N    ??(0) ??
000426 0x019D7008 0x00000018 0x019D6FF8 0x00000038 0x00000000 new         N       N    ??(0) ??
000427 0x019D7088 0x00000001 0x019D7078 0x00000021 0x00000000 new         N       N    main.cpp(9) ???
000429 0x019D70F0 0x0000001E 0x019D70E0 0x0000003E 0x00000000 new         N       N    ??(0) ??
000430 0x019D7138 0x00000019 0x019D7128 0x00000039 0x00000000 new         N       N    ??(0) ??
000431 0x019D7180 0x0000019C 0x019D7170 0x000001BC 0x00000000 new         N       N    ??(0) ??
000479 0x019D7348 0x0000000D 0x019D7338 0x0000002D 0x00000000 new         N       N    ??(0) ??
000485 0x019D7380 0x0000000D 0x019D7370 0x0000002D 0x00000000 new         N       N    ??(0) ??
000434 0x019DEFC0 0x00000020 0x019DEFB0 0x00000040 0x00000000 new         N       N    ??(0) ??
000435 0x019DF008 0x00000200 0x019DEFF8 0x00000220 0x00000000 new         N       N    ??(0) ??
000436 0x019DF230 0x00000020 0x019DF220 0x00000040 0x00000000 new         N       N    ??(0) ??
000437 0x019DF278 0x00000200 0x019DF268 0x00000220 0x00000000 new         N       N    ??(0) ??
000438 0x019DF4A0 0x00000020 0x019DF490 0x00000040 0x00000000 new         N       N    ??(0) ??
000439 0x019DF4E8 0x00000200 0x019DF4D8 0x00000220 0x00000000 new         N       N    ??(0) ??
001249 0x019DF710 0x0000000C 0x019DF700 0x0000002C 0x00000000 new         N       N    OgreGLEngineDll.cpp(40) ???
000465 0x019DF748 0x0000001C 0x019DF738 0x0000003C 0x00000000 new         N       N    OgreRoot.cpp(130) ???
000744 0x019DF7B8 0x00000010 0x019DF7A8 0x00000030 0x00000000 new         N       N    ??(0) ??
000777 0x019DF7F0 0x0000000C 0x019DF7E0 0x0000002C 0x00000000 new         N       N    OgreFreeImageCodec.cpp(93) ???
000473 0x019DF828 0x0000000D 0x019DF818 0x0000002D 0x00000000 new         N       N    ??(0) ??
000491 0x019DF860 0x0000000C 0x019DF850 0x0000002C 0x00000000 new         N       N    ??(0) ??
000464 0x019DF8A0 0x00000018 0x019DF890 0x00000038 0x00000000 new         N       N    ??(0) ??
000474 0x019DF8E0 0x00000018 0x019DF8D0 0x00000038 0x00000000 new         N       N    ??(0) ??
000480 0x019DF920 0x00000018 0x019DF910 0x00000038 0x00000000 new         N       N    ??(0) ??
000486 0x019DF960 0x00000018 0x019DF950 0x00000038 0x00000000 new         N       N    ??(0) ??
000462 0x019DF9A0 0x0000001C 0x019DF990 0x0000003C 0x00000000 new         N       N    OgreRoot.cpp(125) ???
000461 0x019DF9E8 0x0000001E 0x019DF9D8 0x0000003E 0x00000000 new         N       N    ??(0) ??
000463 0x019DFA30 0x00000110 0x019DFA20 0x00000130 0x00000000 new         N       N    OgreLogManager.cpp(68) ???
000567 0x019DFB68 0x0000002D 0x019DFB58 0x0000004D 0x00000000 new         N       N    ??(0) ??
000471 0x019DFBC0 0x00000068 0x019DFBB0 0x00000088 0x00000000 new         N       N    OgreResourceGroupManager.cpp(95) ???
000477 0x019DFC50 0x00000068 0x019DFC40 0x00000088 0x00000000 new         N       N    OgreResourceGroupManager.cpp(95) ???
000483 0x019DFCE0 0x00000068 0x019DFCD0 0x00000088 0x00000000 new         N       N    OgreResourceGroupManager.cpp(95) ???
000487 0x019DFD70 0x00000038 0x019DFD60 0x00000058 0x00000000 new         N       N    OgreRoot.cpp(138) ???
000492 0x019DFDD0 0x00000026 0x019DFDC0 0x00000046 0x00000000 new         N       N    ??(0) ??
000493 0x019DFE20 0x00000004 0x019DFE10 0x00000024 0x00000000 new         N       N    ??(0) ??
001759 0x019DFE50 0x00000040 0x019DFE40 0x00000060 0x00000000 new         N       N    ??(0) ??
000688 0x019DFEB8 0x00000050 0x019DFEA8 0x00000070 0x00000000 new         N       N    OgreRoot.cpp(153) ???
000497 0x019DFF30 0x00000020 0x019DFF20 0x00000040 0x00000000 new         N       N    OgreRoot.cpp(144) ???
000498 0x019DFF78 0x00000094 0x019DFF68 0x000000B4 0x00000000 new         N       N    OgreRoot.cpp(147) ???
000499 0x019E0038 0x00000304 0x019E0028 0x00000324 0x00000000 new         N       N    ??(0) ??
000502 0x019E0368 0x00000164 0x019E0358 0x00000184 0x00000000 new         N       N    OgreMaterialManager.cpp(76) ???
000503 0x019E04F8 0x0000000D 0x019E04E8 0x0000002D 0x00000000 new         N       N    ??(0) ??
000504 0x019E0530 0x0000000D 0x019E0520 0x0000002D 0x00000000 new         N       N    ??(0) ??
000505 0x019E0568 0x0000000D 0x019E0558 0x0000002D 0x00000000 new         N       N    ??(0) ??
000506 0x019E05A0 0x0000000D 0x019E0590 0x0000002D 0x00000000 new         N       N    ??(0) ??
000507 0x019E05D8 0x00000015 0x019E05C8 0x00000035 0x00000000 new         N       N    ??(0) ??
000508 0x019E0618 0x00000018 0x019E0608 0x00000038 0x00000000 new         N       N    ??(0) ??
000509 0x019E0658 0x0000001B 0x019E0648 0x0000003B 0x00000000 new         N       N    ??(0) ??
000510 0x019E06A0 0x00000018 0x019E0690 0x00000038 0x00000000 new         N       N    ??(0) ??
000511 0x019E06E0 0x0000001D 0x019E06D0 0x0000003D 0x00000000 new         N       N    ??(0) ??
000512 0x019E0728 0x00000018 0x019E0718 0x00000038 0x00000000 new         N       N    ??(0) ??
000513 0x019E0768 0x0000001A 0x019E0758 0x0000003A 0x00000000 new         N       N    ??(0) ??
000514 0x019E07B0 0x00000018 0x019E07A0 0x00000038 0x00000000 new         N       N    ??(0) ??
000515 0x019E07F0 0x0000001C 0x019E07E0 0x0000003C 0x00000000 new         N       N    ??(0) ??
000516 0x019E0838 0x00000018 0x019E0828 0x00000038 0x00000000 new         N       N    ??(0) ??
000517 0x019E0878 0x00000027 0x019E0868 0x00000047 0x00000000 new         N       N    ??(0) ??
000518 0x019E08C8 0x00000018 0x019E08B8 0x00000038 0x00000000 new         N       N    ??(0) ??
000519 0x019E0908 0x00000016 0x019E08F8 0x00000036 0x00000000 new         N       N    ??(0) ??
000520 0x019E0948 0x00000018 0x019E0938 0x00000038 0x00000000 new         N       N    ??(0) ??
000521 0x019E0988 0x0000001E 0x019E0978 0x0000003E 0x00000000 new         N       N    ??(0) ??
000522 0x019E09D0 0x00000018 0x019E09C0 0x00000038 0x00000000 new         N       N    ??(0) ??
000523 0x019E0A10 0x00000016 0x019E0A00 0x00000036 0x00000000 new         N       N    ??(0) ??
000524 0x019E0A50 0x00000018 0x019E0A40 0x00000038 0x00000000 new         N       N    ??(0) ??
000525 0x019E0A90 0x00000013 0x019E0A80 0x00000033 0x00000000 new         N       N    ??(0) ??
000526 0x019E0AD0 0x00000018 0x019E0AC0 0x00000038 0x00000000 new         N       N    ??(0) ??
000527 0x019E0B10 0x00000011 0x019E0B00 0x00000031 0x00000000 new         N       N    ??(0) ??
000528 0x019E0B50 0x00000018 0x019E0B40 0x00000038 0x00000000 new         N       N    ??(0) ??
000529 0x019E0B90 0x00000014 0x019E0B80 0x00000034 0x00000000 new         N       N    ??(0) ??
000530 0x019E0BD0 0x00000018 0x019E0BC0 0x00000038 0x00000000 new         N       N    ??(0) ??
000531 0x019E0C10 0x00000014 0x019E0C00 0x00000034 0x00000000 new         N       N    ??(0) ??
000532 0x019E0C50 0x00000018 0x019E0C40 0x00000038 0x00000000 new         N       N    ??(0) ??
000533 0x019E0C90 0x00000015 0x019E0C80 0x00000035 0x00000000 new         N       N    ??(0) ??
000534 0x019E0CD0 0x00000018 0x019E0CC0 0x00000038 0x00000000 new         N       N    ??(0) ??
000535 0x019E0D10 0x00000015 0x019E0D00 0x00000035 0x00000000 new         N       N    ??(0) ??
000536 0x019E0D50 0x00000018 0x019E0D40 0x00000038 0x00000000 new         N       N    ??(0) ??
000537 0x019E0D90 0x00000018 0x019E0D80 0x00000038 0x00000000 new         N       N    ??(0) ??
000538 0x019E0DD0 0x00000018 0x019E0DC0 0x00000038 0x00000000 new         N       N    ??(0) ??
000539 0x019E0E10 0x00000018 0x019E0E00 0x00000038 0x00000000 new         N       N    ??(0) ??
000540 0x019E0E50 0x00000018 0x019E0E40 0x00000038 0x00000000 new         N       N    ??(0) ??
000541 0x019E0E90 0x00000018 0x019E0E80 0x00000038 0x00000000 new         N       N    ??(0) ??
000542 0x019E0ED0 0x00000018 0x019E0EC0 0x00000038 0x00000000 new         N       N    ??(0) ??
000543 0x019E0F10 0x00000017 0x019E0F00 0x00000037 0x00000000 new         N       N    ??(0) ??
000544 0x019E0F50 0x00000018 0x019E0F40 0x00000038 0x00000000 new         N       N    ??(0) ??
000545 0x019E0F90 0x0000001C 0x019E0F80 0x0000003C 0x00000000 new         N       N    ??(0) ??
000546 0x019E0FD8 0x00000018 0x019E0FC8 0x00000038 0x00000000 new         N       N    ??(0) ??
000547 0x019E1018 0x00000019 0x019E1008 0x00000039 0x00000000 new         N       N    ??(0) ??
000548 0x019E1060 0x00000018 0x019E1050 0x00000038 0x00000000 new         N       N    ??(0) ??
000549 0x019E10A0 0x0000001A 0x019E1090 0x0000003A 0x00000000 new         N       N    ??(0) ??
000550 0x019E10E8 0x00000018 0x019E10D8 0x00000038 0x00000000 new         N       N    ??(0) ??
000551 0x019E1128 0x0000001A 0x019E1118 0x0000003A 0x00000000 new         N       N    ??(0) ??
000552 0x019E1170 0x00000018 0x019E1160 0x00000038 0x00000000 new         N       N    ??(0) ??
000553 0x019E11B0 0x00000015 0x019E11A0 0x00000035 0x00000000 new         N       N    ??(0) ??
000554 0x019E11F0 0x00000018 0x019E11E0 0x00000038 0x00000000 new         N       N    ??(0) ??
000555 0x019E1230 0x00000019 0x019E1220 0x00000039 0x00000000 new         N       N    ??(0) ??
000556 0x019E1278 0x00000018 0x019E1268 0x00000038 0x00000000 new         N       N    ??(0) ??
000557 0x019E12B8 0x00000014 0x019E12A8 0x00000034 0x00000000 new         N       N    ??(0) ??
000558 0x019E12F8 0x00000018 0x019E12E8 0x00000038 0x00000000 new         N       N    ??(0) ??
000559 0x019E1338 0x00000019 0x019E1328 0x00000039 0x00000000 new         N       N    ??(0) ??
000560 0x019E1380 0x00000018 0x019E1370 0x00000038 0x00000000 new         N       N    ??(0) ??
000561 0x019E13C0 0x00000017 0x019E13B0 0x00000037 0x00000000 new         N       N    ??(0) ??
000562 0x019E1400 0x00000018 0x019E13F0 0x00000038 0x00000000 new         N       N    ??(0) ??
000563 0x019E1440 0x00000019 0x019E1430 0x00000039 0x00000000 new         N       N    ??(0) ??
000564 0x019E1488 0x00000018 0x019E1478 0x00000038 0x00000000 new         N       N    ??(0) ??
000565 0x019E14C8 0x0000001F 0x019E14B8 0x0000003F 0x00000000 new         N       N    ??(0) ??
000566 0x019E1510 0x00000018 0x019E1500 0x00000038 0x00000000 new         N       N    ??(0) ??
000568 0x019E1550 0x00000018 0x019E1540 0x00000038 0x00000000 new         N       N    ??(0) ??
000569 0x019E1590 0x0000002F 0x019E1580 0x0000004F 0x00000000 new         N       N    ??(0) ??
000570 0x019E15E8 0x00000018 0x019E15D8 0x00000038 0x00000000 new         N       N    ??(0) ??
000571 0x019E1628 0x00000031 0x019E1618 0x00000051 0x00000000 new         N       N    ??(0) ??
000572 0x019E1688 0x00000018 0x019E1678 0x00000038 0x00000000 new         N       N    ??(0) ??
000573 0x019E16C8 0x00000021 0x019E16B8 0x00000041 0x00000000 new         N       N    ??(0) ??
000574 0x019E1718 0x00000018 0x019E1708 0x00000038 0x00000000 new         N       N    ??(0) ??
000575 0x019E1758 0x00000017 0x019E1748 0x00000037 0x00000000 new         N       N    ??(0) ??
000576 0x019E1798 0x00000018 0x019E1788 0x00000038 0x00000000 new         N       N    ??(0) ??
000577 0x019E17D8 0x00000018 0x019E17C8 0x00000038 0x00000000 new         N       N    ??(0) ??
000578 0x019E1818 0x00000018 0x019E1808 0x00000038 0x00000000 new         N       N    ??(0) ??
000579 0x019E1858 0x00000016 0x019E1848 0x00000036 0x00000000 new         N       N    ??(0) ??
000580 0x019E1898 0x00000018 0x019E1888 0x00000038 0x00000000 new         N       N    ??(0) ??
000581 0x019E18D8 0x00000017 0x019E18C8 0x00000037 0x00000000 new         N       N    ??(0) ??
000582 0x019E1918 0x00000018 0x019E1908 0x00000038 0x00000000 new         N       N    ??(0) ??
000583 0x019E1958 0x0000001A 0x019E1948 0x0000003A 0x00000000 new         N       N    ??(0) ??
000584 0x019E19A0 0x00000018 0x019E1990 0x00000038 0x00000000 new         N       N    ??(0) ??
000585 0x019E19E0 0x00000023 0x019E19D0 0x00000043 0x00000000 new         N       N    ??(0) ??
000586 0x019E1A30 0x00000018 0x019E1A20 0x00000038 0x00000000 new         N       N    ??(0) ??
000587 0x019E1A70 0x0000001B 0x019E1A60 0x0000003B 0x00000000 new         N       N    ??(0) ??
000588 0x019E1AB8 0x00000018 0x019E1AA8 0x00000038 0x00000000 new         N       N    ??(0) ??
000589 0x019E1AF8 0x0000001B 0x019E1AE8 0x0000003B 0x00000000 new         N       N    ??(0) ??
000590 0x019E1B40 0x00000018 0x019E1B30 0x00000038 0x00000000 new         N       N    ??(0) ??
000591 0x019E1B80 0x0000001B 0x019E1B70 0x0000003B 0x00000000 new         N       N    ??(0) ??
000592 0x019E1BC8 0x00000018 0x019E1BB8 0x00000038 0x00000000 new         N       N    ??(0) ??
000593 0x019E1C08 0x00000014 0x019E1BF8 0x00000034 0x00000000 new         N       N    ??(0) ??
000594 0x019E1C48 0x00000018 0x019E1C38 0x00000038 0x00000000 new         N       N    ??(0) ??
000595 0x019E1C88 0x00000019 0x019E1C78 0x00000039 0x00000000 new         N       N    ??(0) ??
000596 0x019E1CD0 0x00000018 0x019E1CC0 0x00000038 0x00000000 new         N       N    ??(0) ??
000597 0x019E1D10 0x0000001A 0x019E1D00 0x0000003A 0x00000000 new         N       N    ??(0) ??
000598 0x019E1D58 0x00000018 0x019E1D48 0x00000038 0x00000000 new         N       N    ??(0) ??
000599 0x019E1D98 0x00000019 0x019E1D88 0x00000039 0x00000000 new         N       N    ??(0) ??
000600 0x019E1DE0 0x00000018 0x019E1DD0 0x00000038 0x00000000 new         N       N    ??(0) ??
000601 0x019E1E20 0x0000001A 0x019E1E10 0x0000003A 0x00000000 new         N       N    ??(0) ??
000602 0x019E1E68 0x00000018 0x019E1E58 0x00000038 0x00000000 new         N       N    ??(0) ??
000603 0x019E1EA8 0x0000001D 0x019E1E98 0x0000003D 0x00000000 new         N       N    ??(0) ??
000604 0x019E1EF0 0x00000018 0x019E1EE0 0x00000038 0x00000000 new         N       N    ??(0) ??
000605 0x019E1F30 0x0000001E 0x019E1F20 0x0000003E 0x00000000 new         N       N    ??(0) ??
000606 0x019E1F78 0x00000018 0x019E1F68 0x00000038 0x00000000 new         N       N    ??(0) ??
000607 0x019E1FB8 0x00000016 0x019E1FA8 0x00000036 0x00000000 new         N       N    ??(0) ??
000608 0x019E1FF8 0x00000018 0x019E1FE8 0x00000038 0x00000000 new         N       N    ??(0) ??
000609 0x019E2038 0x00000019 0x019E2028 0x00000039 0x00000000 new         N       N    ??(0) ??
000610 0x019E2080 0x00000018 0x019E2070 0x00000038 0x00000000 new         N       N    ??(0) ??
000611 0x019E20C0 0x00000029 0x019E20B0 0x00000049 0x00000000 new         N       N    ??(0) ??
000612 0x019E2118 0x00000018 0x019E2108 0x00000038 0x00000000 new         N       N    ??(0) ??
000613 0x019E2158 0x00000018 0x019E2148 0x00000038 0x00000000 new         N       N    ??(0) ??
000614 0x019E2198 0x00000018 0x019E2188 0x00000038 0x00000000 new         N       N    ??(0) ??
000615 0x019E21D8 0x00000014 0x019E21C8 0x00000034 0x00000000 new         N       N    ??(0) ??
000616 0x019E2218 0x00000018 0x019E2208 0x00000038 0x00000000 new         N       N    ??(0) ??
000617 0x019E2258 0x00000013 0x019E2248 0x00000033 0x00000000 new         N       N    ??(0) ??
000618 0x019E2298 0x00000018 0x019E2288 0x00000038 0x00000000 new         N       N    ??(0) ??
000619 0x019E22D8 0x00000018 0x019E22C8 0x00000038 0x00000000 new         N       N    ??(0) ??
000620 0x019E2318 0x00000018 0x019E2308 0x00000038 0x00000000 new         N       N    ??(0) ??
000621 0x019E2358 0x00000013 0x019E2348 0x00000033 0x00000000 new         N       N    ??(0) ??
000622 0x019E2398 0x00000018 0x019E2388 0x00000038 0x00000000 new         N       N    ??(0) ??
000623 0x019E23D8 0x00000018 0x019E23C8 0x00000038 0x00000000 new         N       N    ??(0) ??
000624 0x019E2418 0x00000018 0x019E2408 0x00000038 0x00000000 new         N       N    ??(0) ??
000625 0x019E2458 0x00000012 0x019E2448 0x00000032 0x00000000 new         N       N    ??(0) ??
000626 0x019E2498 0x00000018 0x019E2488 0x00000038 0x00000000 new         N       N    ??(0) ??
000627 0x019E24D8 0x00000017 0x019E24C8 0x00000037 0x00000000 new         N       N    ??(0) ??
000628 0x019E2518 0x00000018 0x019E2508 0x00000038 0x00000000 new         N       N    ??(0) ??
000629 0x019E2558 0x00000016 0x019E2548 0x00000036 0x00000000 new         N       N    ??(0) ??
000630 0x019E2598 0x00000018 0x019E2588 0x00000038 0x00000000 new         N       N    ??(0) ??
000631 0x019E25D8 0x00000016 0x019E25C8 0x00000036 0x00000000 new         N       N    ??(0) ??
000632 0x019E2618 0x00000018 0x019E2608 0x00000038 0x00000000 new         N       N    ??(0) ??
000633 0x019E2658 0x0000001B 0x019E2648 0x0000003B 0x00000000 new         N       N    ??(0) ??
000634 0x019E26A0 0x00000018 0x019E2690 0x00000038 0x00000000 new         N       N    ??(0) ??
000635 0x019E26E0 0x0000001A 0x019E26D0 0x0000003A 0x00000000 new         N       N    ??(0) ??
000636 0x019E2728 0x00000018 0x019E2718 0x00000038 0x00000000 new         N       N    ??(0) ??
000637 0x019E2768 0x00000018 0x019E2758 0x00000038 0x00000000 new         N       N    ??(0) ??
000638 0x019E27A8 0x00000018 0x019E2798 0x00000038 0x00000000 new         N       N    ??(0) ??
000639 0x019E27E8 0x00000019 0x019E27D8 0x00000039 0x00000000 new         N       N    ??(0) ??
000640 0x019E2830 0x00000018 0x019E2820 0x00000038 0x00000000 new         N       N    ??(0) ??
000641 0x019E2870 0x0000001A 0x019E2860 0x0000003A 0x00000000 new         N       N    ??(0) ??
000642 0x019E28B8 0x00000018 0x019E28A8 0x00000038 0x00000000 new         N       N    ??(0) ??
000643 0x019E28F8 0x0000001F 0x019E28E8 0x0000003F 0x00000000 new         N       N    ??(0) ??
000644 0x019E2940 0x00000018 0x019E2930 0x00000038 0x00000000 new         N       N    ??(0) ??
000645 0x019E2980 0x00000018 0x019E2970 0x00000038 0x00000000 new         N       N    ??(0) ??
000646 0x019E29C0 0x00000018 0x019E29B0 0x00000038 0x00000000 new         N       N    ??(0) ??
000647 0x019E2A00 0x0000001D 0x019E29F0 0x0000003D 0x00000000 new         N       N    ??(0) ??
000648 0x019E2A48 0x00000018 0x019E2A38 0x00000038 0x00000000 new         N       N    ??(0) ??
000649 0x019E2A88 0x00000013 0x019E2A78 0x00000033 0x00000000 new         N       N    ??(0) ??
000650 0x019E2AC8 0x00000018 0x019E2AB8 0x00000038 0x00000000 new         N       N    ??(0) ??
000651 0x019E2B08 0x00000013 0x019E2AF8 0x00000033 0x00000000 new         N       N    ??(0) ??
000652 0x019E2B48 0x00000018 0x019E2B38 0x00000038 0x00000000 new         N       N    ??(0) ??
000653 0x019E2B88 0x00000028 0x019E2B78 0x00000048 0x00000000 new         N       N    ??(0) ??
000654 0x019E2BD8 0x00000018 0x019E2BC8 0x00000038 0x00000000 new         N       N    ??(0) ??
000655 0x019E2C18 0x00000025 0x019E2C08 0x00000045 0x00000000 new         N       N    ??(0) ??
000656 0x019E2C68 0x00000018 0x019E2C58 0x00000038 0x00000000 new         N       N    ??(0) ??
000657 0x019E2CA8 0x00000024 0x019E2C98 0x00000044 0x00000000 new         N       N    ??(0) ??
000658 0x019E2CF8 0x00000018 0x019E2CE8 0x00000038 0x00000000 new         N       N    ??(0) ??
000659 0x019E2D38 0x00000026 0x019E2D28 0x00000046 0x00000000 new         N       N    ??(0) ??
000660 0x019E2D88 0x00000018 0x019E2D78 0x00000038 0x00000000 new         N       N    ??(0) ??
000661 0x019E2DC8 0x0000001B 0x019E2DB8 0x0000003B 0x00000000 new         N       N    ??(0) ??
000662 0x019E2E10 0x00000018 0x019E2E00 0x00000038 0x00000000 new         N       N    ??(0) ??
000663 0x019E2E50 0x0000001A 0x019E2E40 0x0000003A 0x00000000 new         N       N    ??(0) ??
000664 0x019E2E98 0x00000018 0x019E2E88 0x00000038 0x00000000 new         N       N    ??(0) ??
000665 0x019E2ED8 0x0000001F 0x019E2EC8 0x0000003F 0x00000000 new         N       N    ??(0) ??
000666 0x019E2F20 0x00000018 0x019E2F10 0x00000038 0x00000000 new         N       N    ??(0) ??
000667 0x019E2F60 0x00000018 0x019E2F50 0x00000038 0x00000000 new         N       N    ??(0) ??
000668 0x019E2FA0 0x00000018 0x019E2F90 0x00000038 0x00000000 new         N       N    ??(0) ??
000669 0x019E2FE0 0x0000001D 0x019E2FD0 0x0000003D 0x00000000 new         N       N    ??(0) ??
000670 0x019E3028 0x00000018 0x019E3018 0x00000038 0x00000000 new         N       N    ??(0) ??
000671 0x019E3068 0x00000016 0x019E3058 0x00000036 0x00000000 new         N       N    ??(0) ??
000697 0x019E30A8 0x00000004 0x019E3098 0x00000024 0x00000000 new         N       N    ??(0) ??
000673 0x019E30D8 0x00000017 0x019E30C8 0x00000037 0x00000000 new         N       N    ??(0) ??
000674 0x019E3118 0x00000008 0x019E3108 0x00000028 0x00000000 new         N       N    ??(0) ??
000675 0x019E3148 0x00000018 0x019E3138 0x00000038 0x00000000 new         N       N    ??(0) ??
000676 0x019E3188 0x00000015 0x019E3178 0x00000035 0x00000000 new         N       N    ??(0) ??
000679 0x019E31C8 0x00000018 0x019E31B8 0x00000038 0x00000000 new         N       N    ??(0) ??
000680 0x019E3208 0x00000018 0x019E31F8 0x00000038 0x00000000 new         N       N    ??(0) ??
000681 0x019E3248 0x00000074 0x019E3238 0x00000094 0x00000000 new         N       N    OgreRoot.cpp(150) ???
000682 0x019E32E8 0x00000304 0x019E32D8 0x00000324 0x00000000 new         N       N    ??(0) ??
000684 0x019E3618 0x00000011 0x019E3608 0x00000031 0x00000000 new         N       N    ??(0) ??
000687 0x019E36B8 0x00000018 0x019E36A8 0x00000038 0x00000000 new         N       N    ??(0) ??
000689 0x019E36F8 0x00000304 0x019E36E8 0x00000324 0x00000000 new         N       N    ??(0) ??
000691 0x019E3A28 0x00000015 0x019E3A18 0x00000035 0x00000000 new         N       N    ??(0) ??
000694 0x019E3A68 0x00000018 0x019E3A58 0x00000038 0x00000000 new         N       N    ??(0) ??
000695 0x019E3AA8 0x00000074 0x019E3A98 0x00000094 0x00000000 new         N       N    OgreRoot.cpp(156) ???
000696 0x019E3B48 0x00000017 0x019E3B38 0x00000037 0x00000000 new         N       N    ??(0) ??
000698 0x019E3B88 0x00000018 0x019E3B78 0x00000038 0x00000000 new         N       N    ??(0) ??
000699 0x019E3BC8 0x00000008 0x019E3BB8 0x00000028 0x00000000 new         N       N    OgreParticleSystemManager.cpp(62) ???
000700 0x019E3BF8 0x00000018 0x019E3BE8 0x00000038 0x00000000 new         N       N    ??(0) ??
000704 0x019E3C38 0x00000030 0x019E3C28 0x00000050 0x00000000 new         N       N    OgreRoot.cpp(158) ???
000705 0x019E3C90 0x00000094 0x019E3C80 0x000000B4 0x00000000 new         N       N    OgreRoot.cpp(161) ???
000706 0x019E3D50 0x00000016 0x019E3D40 0x00000036 0x00000000 new         N       N    ??(0) ??
000707 0x019E3D90 0x00000004 0x019E3D80 0x00000024 0x00000000 new         N       N    ??(0) ??
000708 0x019E3DC0 0x00000018 0x019E3DB0 0x00000038 0x00000000 new         N       N    ??(0) ??
000709 0x019E3E00 0x00000004 0x019E3DF0 0x00000024 0x00000000 new         N       N    OgreRoot.cpp(163) ???
000710 0x019E3E30 0x00000012 0x019E3E20 0x00000032 0x00000000 new         N       N    ??(0) ??
000711 0x019E3E70 0x00000018 0x019E3E60 0x00000038 0x00000000 new         N       N    ??(0) ??
000715 0x019E3EB0 0x00000004 0x019E3EA0 0x00000024 0x00000000 new         N       N    OgreRoot.cpp(166) ???
000716 0x019E3EE0 0x00000018 0x019E3ED0 0x00000038 0x00000000 new         N       N    ??(0) ??
000717 0x019E3F20 0x00000018 0x019E3F10 0x00000038 0x00000000 new         N       N    ??(0) ??
000721 0x019E3F60 0x00000004 0x019E3F50 0x00000024 0x00000000 new         N       N    OgreRoot.cpp(169) ???
000722 0x019E3F90 0x00000015 0x019E3F80 0x00000035 0x00000000 new         N       N    ??(0) ??
000723 0x019E3FD0 0x00000018 0x019E3FC0 0x00000038 0x00000000 new         N       N    ??(0) ??
000727 0x019E4018 0x00000050 0x019E4008 0x00000070 0x00000000 new         N       N    OgreRoot.cpp(172) ???
000728 0x019E4090 0x00000304 0x019E4080 0x00000324 0x00000000 new         N       N    ??(0) ??
000730 0x019E43C0 0x00000016 0x019E43B0 0x00000036 0x00000000 new         N       N    ??(0) ??
000731 0x019E4400 0x00000004 0x019E43F0 0x00000024 0x00000000 new         N       N    ??(0) ??
000732 0x019E4430 0x00000018 0x019E4420 0x00000038 0x00000000 new         N       N    ??(0) ??
000733 0x019E4470 0x00000011 0x019E4460 0x00000031 0x00000000 new         N       N    ??(0) ??
000736 0x019E44B0 0x00000018 0x019E44A0 0x00000038 0x00000000 new         N       N    ??(0) ??
000737 0x019E44F0 0x00000004 0x019E44E0 0x00000024 0x00000000 new         N       N    OgreRoot.cpp(179) ???
000738 0x019E4520 0x00000017 0x019E4510 0x00000037 0x00000000 new         N       N    ??(0) ??
000739 0x019E4560 0x00000018 0x019E4550 0x00000038 0x00000000 new         N       N    ??(0) ??
000743 0x019E45A0 0x00000004 0x019E4590 0x00000024 0x00000000 new         N       N    OgreRoot.cpp(181) ???
000745 0x019E45D0 0x00000018 0x019E45C0 0x00000038 0x00000000 new         N       N    ??(0) ??
001011 0x019E4610 0x00000030 0x019E4600 0x00000050 0x00000000 new         N       N    OgreCompositor.cpp(54) ???
001012 0x019E46A8 0x00000028 0x019E4698 0x00000048 0x00000000 new         N       N    OgreCompositionTechnique.cpp(42) ???
000760 0x019E46F8 0x0000000C 0x019E46E8 0x0000002C 0x00000000 new         N       N    OgreFreeImageCodec.cpp(93) ???
000759 0x019E4730 0x00000010 0x019E4720 0x00000030 0x00000000 new         N       N    ??(0) ??
000767 0x019E47A0 0x0000000C 0x019E4790 0x0000002C 0x00000000 new         N       N    OgreFreeImageCodec.cpp(93) ???
000766 0x019E47D8 0x00000010 0x019E47C8 0x00000030 0x00000000 new         N       N    ??(0) ??
000989 0x019EC490 0x00000020 0x019EC480 0x00000040 0x00000000 new         N       N    ??(0) ??
000773 0x019EC4D8 0x00000010 0x019EC4C8 0x00000030 0x00000000 new         N       N    ??(0) ??
000774 0x019EC510 0x00000010 0x019EC500 0x00000030 0x00000000 new         N       N    ??(0) ??
000775 0x019EC548 0x00000011 0x019EC538 0x00000031 0x00000000 new         N       N    ??(0) ??
000776 0x019EC588 0x00000010 0x019EC578 0x00000030 0x00000000 new         N       N    ??(0) ??
000780 0x019EC638 0x0000000C 0x019EC628 0x0000002C 0x00000000 new         N       N    OgreFreeImageCodec.cpp(93) ???
000783 0x019EC6E8 0x0000000C 0x019EC6D8 0x0000002C 0x00000000 new         N       N    OgreFreeImageCodec.cpp(93) ???
000786 0x019EC798 0x0000000C 0x019EC788 0x0000002C 0x00000000 new         N       N    OgreFreeImageCodec.cpp(93) ???
000808 0x019EC848 0x0000000C 0x019EC838 0x0000002C 0x00000000 new         N       N    OgreFreeImageCodec.cpp(93) ???
000793 0x019EC880 0x0000000C 0x019EC870 0x0000002C 0x00000000 new         N       N    OgreFreeImageCodec.cpp(93) ???
000792 0x019EC8B8 0x00000010 0x019EC8A8 0x00000030 0x00000000 new         N       N    ??(0) ??
000800 0x019EC968 0x0000000C 0x019EC958 0x0000002C 0x00000000 new         N       N    OgreFreeImageCodec.cpp(93) ???
000799 0x019EC9A0 0x00000010 0x019EC990 0x00000030 0x00000000 new         N       N    ??(0) ??
000806 0x019ECA90 0x00000010 0x019ECA80 0x00000030 0x00000000 new         N       N    ??(0) ??
000807 0x019ECAC8 0x00000010 0x019ECAB8 0x00000030 0x00000000 new         N       N    ??(0) ??
000811 0x019ECB78 0x0000000C 0x019ECB68 0x0000002C 0x00000000 new         N       N    OgreFreeImageCodec.cpp(93) ???
000893 0x019ECC28 0x0000000C 0x019ECC18 0x0000002C 0x00000000 new         N       N    OgreFreeImageCodec.cpp(93) ???
000818 0x019ECC60 0x0000000C 0x019ECC50 0x0000002C 0x00000000 new         N       N    OgreFreeImageCodec.cpp(93) ???
000817 0x019ECC98 0x00000010 0x019ECC88 0x00000030 0x00000000 new         N       N    ??(0) ??
000825 0x019ECD08 0x0000000C 0x019ECCF8 0x0000002C 0x00000000 new         N       N    OgreFreeImageCodec.cpp(93) ???
000824 0x019ECD40 0x00000010 0x019ECD30 0x00000030 0x00000000 new         N       N    ??(0) ??
000832 0x019ECDF0 0x0000000C 0x019ECDE0 0x0000002C 0x00000000 new         N       N    OgreFreeImageCodec.cpp(93) ???
000831 0x019ECE28 0x00000010 0x019ECE18 0x00000030 0x00000000 new         N       N    ??(0) ??
000838 0x019ECE98 0x0000000C 0x019ECE88 0x0000002C 0x00000000 new         N       N    OgreFreeImageCodec.cpp(93) ???
000837 0x019ECED0 0x00000010 0x019ECEC0 0x00000030 0x00000000 new         N       N    ??(0) ??
000845 0x019ECF80 0x0000000C 0x019ECF70 0x0000002C 0x00000000 new         N       N    OgreFreeImageCodec.cpp(93) ???
000844 0x019ECFB8 0x00000010 0x019ECFA8 0x00000030 0x00000000 new         N       N    ??(0) ??
000852 0x019ED068 0x0000000C 0x019ED058 0x0000002C 0x00000000 new         N       N    OgreFreeImageCodec.cpp(93) ???
000851 0x019ED0A0 0x00000010 0x019ED090 0x00000030 0x00000000 new         N       N    ??(0) ??
000859 0x019ED150 0x0000000C 0x019ED140 0x0000002C 0x00000000 new         N       N    OgreFreeImageCodec.cpp(93) ???
000858 0x019ED188 0x00000010 0x019ED178 0x00000030 0x00000000 new         N       N    ??(0) ??
000865 0x019ED1F8 0x0000000C 0x019ED1E8 0x0000002C 0x00000000 new         N       N    OgreFreeImageCodec.cpp(93) ???
000864 0x019ED230 0x00000010 0x019ED220 0x00000030 0x00000000 new         N       N    ??(0) ??
000872 0x019ED2E0 0x0000000C 0x019ED2D0 0x0000002C 0x00000000 new         N       N    OgreFreeImageCodec.cpp(93) ???
000871 0x019ED318 0x00000010 0x019ED308 0x00000030 0x00000000 new         N       N    ??(0) ??
000879 0x019ED3C8 0x0000000C 0x019ED3B8 0x0000002C 0x00000000 new         N       N    OgreFreeImageCodec.cpp(93) ???
000878 0x019ED400 0x00000010 0x019ED3F0 0x00000030 0x00000000 new         N       N    ??(0) ??
000885 0x019ED470 0x0000000C 0x019ED460 0x0000002C 0x00000000 new         N       N    OgreFreeImageCodec.cpp(93) ???
000884 0x019ED4A8 0x00000010 0x019ED498 0x00000030 0x00000000 new         N       N    ??(0) ??
000914 0x019ED558 0x00000011 0x019ED548 0x00000031 0x00000000 new         N       N    ??(0) ??
000891 0x019ED598 0x00000010 0x019ED588 0x00000030 0x00000000 new         N       N    ??(0) ??
000892 0x019ED5D0 0x00000012 0x019ED5C0 0x00000032 0x00000000 new         N       N    ??(0) ??
000896 0x019ED688 0x0000000C 0x019ED678 0x0000002C 0x00000000 new         N       N    OgreFreeImageCodec.cpp(93) ???
000904 0x019ED738 0x0000000C 0x019ED728 0x0000002C 0x00000000 new         N       N    OgreFreeImageCodec.cpp(93) ???
000902 0x019ED770 0x00000010 0x019ED760 0x00000030 0x00000000 new         N       N    ??(0) ??
000903 0x019ED7A8 0x00000011 0x019ED798 0x00000031 0x00000000 new         N       N    ??(0) ??
000907 0x019ED860 0x0000000C 0x019ED850 0x0000002C 0x00000000 new         N       N    OgreFreeImageCodec.cpp(93) ???
000916 0x019ED910 0x0000000C 0x019ED900 0x0000002C 0x00000000 new         N       N    OgreFreeImageCodec.cpp(93) ???
000913 0x019ED948 0x00000010 0x019ED938 0x00000030 0x00000000 new         N       N    ??(0) ??
000915 0x019ED980 0x00000010 0x019ED970 0x00000030 0x00000000 new         N       N    ??(0) ??
000919 0x019EDA30 0x0000000C 0x019EDA20 0x0000002C 0x00000000 new         N       N    OgreFreeImageCodec.cpp(93) ???
000922 0x019EDAE0 0x0000000C 0x019EDAD0 0x0000002C 0x00000000 new         N       N    OgreFreeImageCodec.cpp(93) ???
000984 0x019EDB90 0x00000010 0x019EDB80 0x00000030 0x00000000 new         N       N    ??(0) ??
000929 0x019EDBC8 0x0000000C 0x019EDBB8 0x0000002C 0x00000000 new         N       N    OgreFreeImageCodec.cpp(93) ???
000928 0x019EDC00 0x00000010 0x019EDBF0 0x00000030 0x00000000 new         N       N    ??(0) ??
000936 0x019EDCB0 0x0000000C 0x019EDCA0 0x0000002C 0x00000000 new         N       N    OgreFreeImageCodec.cpp(93) ???
000935 0x019EDCE8 0x00000010 0x019EDCD8 0x00000030 0x00000000 new         N       N    ??(0) ??
000943 0x019EDD98 0x0000000C 0x019EDD88 0x0000002C 0x00000000 new         N       N    OgreFreeImageCodec.cpp(93) ???
000942 0x019EDDD0 0x00000010 0x019EDDC0 0x00000030 0x00000000 new         N       N    ??(0) ??
000950 0x019EDE80 0x0000000C 0x019EDE70 0x0000002C 0x00000000 new         N       N    OgreFreeImageCodec.cpp(93) ???
000949 0x019EDEB8 0x00000010 0x019EDEA8 0x00000030 0x00000000 new         N       N    ??(0) ??
000957 0x019EDF68 0x0000000C 0x019EDF58 0x0000002C 0x00000000 new         N       N    OgreFreeImageCodec.cpp(93) ???
000956 0x019EDFA0 0x00000010 0x019EDF90 0x00000030 0x00000000 new         N       N    ??(0) ??
000964 0x019EE058 0x0000000C 0x019EE048 0x0000002C 0x00000000 new         N       N    OgreFreeImageCodec.cpp(93) ???
000963 0x019EE090 0x00000010 0x019EE080 0x00000030 0x00000000 new         N       N    ??(0) ??
000971 0x019EE140 0x0000000C 0x019EE130 0x0000002C 0x00000000 new         N       N    OgreFreeImageCodec.cpp(93) ???
000970 0x019EE178 0x0000000F 0x019EE168 0x0000002F 0x00000000 new         N       N    ??(0) ??
000978 0x019EE228 0x0000000C 0x019EE218 0x0000002C 0x00000000 new         N       N    OgreFreeImageCodec.cpp(93) ???
000977 0x019EE260 0x00000010 0x019EE250 0x00000030 0x00000000 new         N       N    ??(0) ??
000983 0x019EE310 0x00000008 0x019EE300 0x00000028 0x00000000 new         N       N    OgreDDSCodec.cpp(168) ???
000987 0x019EE380 0x00000304 0x019EE370 0x00000324 0x00000000 new         N       N    ??(0) ??
000992 0x019EE6E8 0x00000018 0x019EE6D8 0x00000038 0x00000000 new         N       N    ??(0) ??
000993 0x019EE728 0x00000004 0x019EE718 0x00000024 0x00000000 new         N       N    OgreHighLevelGpuProgramManager.cpp(122) ???
000994 0x019EE758 0x00000018 0x019EE748 0x00000038 0x00000000 new         N       N    ??(0) ??
000995 0x019EE798 0x00000004 0x019EE788 0x00000024 0x00000000 new         N       N    OgreHighLevelGpuProgramManager.cpp(124) ???
000996 0x019EE7C8 0x00000018 0x019EE7B8 0x00000038 0x00000000 new         N       N    ??(0) ??
000997 0x019EE808 0x0000001C 0x019EE7F8 0x0000003C 0x00000000 new         N       N    OgreRoot.cpp(194) ???
000999 0x019EE850 0x00000304 0x019EE840 0x00000324 0x00000000 new         N       N    ??(0) ??
001001 0x019EEB80 0x00000017 0x019EEB70 0x00000037 0x00000000 new         N       N    ??(0) ??
001003 0x019EEBC0 0x0000000D 0x019EEBB0 0x0000002D 0x00000000 new         N       N    ??(0) ??
001004 0x019EEBF8 0x0000000D 0x019EEBE8 0x0000002D 0x00000000 new         N       N    ??(0) ??
001005 0x019EEC30 0x00000004 0x019EEC20 0x00000024 0x00000000 new         N       N    OgreSharedPtr.h(64) ???
001006 0x019EEC60 0x00000014 0x019EEC50 0x00000034 0x00000000 new         N       N    ??(0) ??
001007 0x019EECA0 0x00000020 0x019EEC90 0x00000040 0x00000000 new         N       N    ??(0) ??
001008 0x019EECE8 0x00000008 0x019EECD8 0x00000028 0x00000000 new         N       N    OgreResourceGroupManager.cpp(954) ???
001009 0x019EED18 0x00000018 0x019EED08 0x00000038 0x00000000 new         N       N    ??(0) ??
001010 0x019EED58 0x00000014 0x019EED48 0x00000034 0x00000000 new         N       N    ??(0) ??
001013 0x019EED98 0x0000000D 0x019EED88 0x0000002D 0x00000000 new         N       N    ??(0) ??
001014 0x019EEDD0 0x00000004 0x019EEDC0 0x00000024 0x00000000 new         N       N    ??(0) ??
001015 0x019EEE00 0x00000098 0x019EEDF0 0x000000B8 0x00000000 new         N       N    OgreCompositionTargetPass.cpp(113) ???
001016 0x019EEEC0 0x0000000D 0x019EEEB0 0x0000002D 0x00000000 new         N       N    ??(0) ??
001017 0x019EEEF8 0x0000000D 0x019EEEE8 0x0000002D 0x00000000 new         N       N    ??(0) ??
001018 0x019EEF30 0x0000000D 0x019EEF20 0x0000002D 0x00000000 new         N       N    ??(0) ??
001019 0x019EEF68 0x0000000D 0x019EEF58 0x0000002D 0x00000000 new         N       N    ??(0) ??
001020 0x019EEFA0 0x0000000D 0x019EEF90 0x0000002D 0x00000000 new         N       N    ??(0) ??
001021 0x019EEFD8 0x0000000D 0x019EEFC8 0x0000002D 0x00000000 new         N       N    ??(0) ??
001022 0x019EF018 0x0000000D 0x019EF008 0x0000002D 0x00000000 new         N       N    ??(0) ??
001023 0x019EF050 0x0000000D 0x019EF040 0x0000002D 0x00000000 new         N       N    ??(0) ??
001024 0x019EF088 0x0000000D 0x019EF078 0x0000002D 0x00000000 new         N       N    ??(0) ??
001025 0x019EF0C0 0x0000000D 0x019EF0B0 0x0000002D 0x00000000 new         N       N    ??(0) ??
001026 0x019EF0F8 0x0000000D 0x019EF0E8 0x0000002D 0x00000000 new         N       N    ??(0) ??
001027 0x019EF130 0x0000000D 0x019EF120 0x0000002D 0x00000000 new         N       N    ??(0) ??
001028 0x019EF168 0x0000000D 0x019EF158 0x0000002D 0x00000000 new         N       N    ??(0) ??
001029 0x019EF1A0 0x0000000D 0x019EF190 0x0000002D 0x00000000 new         N       N    ??(0) ??
001030 0x019EF1D8 0x0000000D 0x019EF1C8 0x0000002D 0x00000000 new         N       N    ??(0) ??
001031 0x019EF210 0x0000000D 0x019EF200 0x0000002D 0x00000000 new         N       N    ??(0) ??
001052 0x019EF248 0x00000004 0x019EF238 0x00000024 0x00000000 new         N       N    ??(0) ??
001033 0x019EF278 0x00000098 0x019EF268 0x000000B8 0x00000000 new         N       N    OgreCompositionTargetPass.cpp(113) ???
001034 0x019EF338 0x0000000D 0x019EF328 0x0000002D 0x00000000 new         N       N    ??(0) ??
001035 0x019EF370 0x0000000D 0x019EF360 0x0000002D 0x00000000 new         N       N    ??(0) ??
001036 0x019EF3A8 0x0000000D 0x019EF398 0x0000002D 0x00000000 new         N       N    ??(0) ??
001037 0x019EF3E0 0x0000000D 0x019EF3D0 0x0000002D 0x00000000 new         N       N    ??(0) ??
001038 0x019EF418 0x0000000D 0x019EF408 0x0000002D 0x00000000 new         N       N    ??(0) ??
001039 0x019EF450 0x0000000D 0x019EF440 0x0000002D 0x00000000 new         N       N    ??(0) ??
001040 0x019EF488 0x0000000D 0x019EF478 0x0000002D 0x00000000 new         N       N    ??(0) ??
001041 0x019EF4C0 0x0000000D 0x019EF4B0 0x0000002D 0x00000000 new         N       N    ??(0) ??
001042 0x019EF4F8 0x0000000D 0x019EF4E8 0x0000002D 0x00000000 new         N       N    ??(0) ??
001043 0x019EF530 0x0000000D 0x019EF520 0x0000002D 0x00000000 new         N       N    ??(0) ??
001044 0x019EF568 0x0000000D 0x019EF558 0x0000002D 0x00000000 new         N       N    ??(0) ??
001045 0x019EF5A0 0x0000000D 0x019EF590 0x0000002D 0x00000000 new         N       N    ??(0) ??
001046 0x019EF5D8 0x0000000D 0x019EF5C8 0x0000002D 0x00000000 new         N       N    ??(0) ??
001047 0x019EF610 0x0000000D 0x019EF600 0x0000002D 0x00000000 new         N       N    ??(0) ??
001048 0x019EF648 0x0000000D 0x019EF638 0x0000002D 0x00000000 new         N       N    ??(0) ??
001049 0x019EF680 0x0000000D 0x019EF670 0x0000002D 0x00000000 new         N       N    ??(0) ??
001050 0x019EF6B8 0x00000008 0x019EF6A8 0x00000028 0x00000000 new         N       N    ??(0) ??
001051 0x019EF6E8 0x00000019 0x019EF6D8 0x00000039 0x00000000 new         N       N    ??(0) ??
001053 0x019EF730 0x00000018 0x019EF720 0x00000038 0x00000000 new         N       N    ??(0) ??
001054 0x019EF770 0x00000017 0x019EF760 0x00000037 0x00000000 new         N       N    ??(0) ??
001055 0x019EF7B0 0x00000008 0x019EF7A0 0x00000028 0x00000000 new         N       N    OgreCompositorManager.cpp(64) ???
001056 0x019EF7E0 0x00000098 0x019EF7D0 0x000000B8 0x00000000 new         N       N    OgreCompositorSerializer.cpp(37) ???
001057 0x019EF8A0 0x00000013 0x019EF890 0x00000033 0x00000000 new         N       N    ??(0) ??
001205 0x019F04B8 0x00000008 0x019F04A8 0x00000028 0x00000000 new         N       N    OgreRoot.cpp(201) ???
001255 0x019FA1A8 0x0000000D 0x019FA198 0x0000002D 0x00000000 new         N       N    ??(0) ??
001276 0x019FA228 0x00000100 0x019FA218 0x00000120 0x00000000 new         N       N    ??(0) ??
001204 0x019FA578 0x00000018 0x019FA568 0x00000038 0x00000000 new         N       N    ??(0) ??
001206 0x019FA5B8 0x00000018 0x019FA5A8 0x00000038 0x00000000 new         N       N    ??(0) ??
001210 0x019FA5F8 0x00000008 0x019FA5E8 0x00000028 0x00000000 new         N       N    OgreRoot.cpp(203) ???
001211 0x019FA628 0x00000018 0x019FA618 0x00000038 0x00000000 new         N       N    ??(0) ??
001215 0x019FA668 0x00000008 0x019FA658 0x00000028 0x00000000 new         N       N    OgreRoot.cpp(205) ???
001216 0x019FA698 0x00000018 0x019FA688 0x00000038 0x00000000 new         N       N    ??(0) ??
002410 0x019FA6D8 0x00000044 0x019FA6C8 0x00000064 0x00000000 new         N       N    ??(0) ??
001220 0x019FA748 0x00000008 0x019FA738 0x00000028 0x00000000 new         N       N    OgreRoot.cpp(207) ???
001221 0x019FA778 0x00000018 0x019FA768 0x00000038 0x00000000 new         N       N    ??(0) ??
001225 0x019FA7B8 0x00000008 0x019FA7A8 0x00000028 0x00000000 new         N       N    OgreRoot.cpp(209) ???
001226 0x019FA7E8 0x00000018 0x019FA7D8 0x00000038 0x00000000 new         N       N    ??(0) ??
001230 0x019FA828 0x00000008 0x019FA818 0x00000028 0x00000000 new         N       N    OgreRoot.cpp(211) ???
001231 0x019FA858 0x00000018 0x019FA848 0x00000038 0x00000000 new         N       N    ??(0) ??
001238 0x019FA8E8 0x0000002A 0x019FA8D8 0x0000004A 0x00000000 new         N       N    ??(0) ??
001239 0x019FA940 0x00000008 0x019FA930 0x00000028 0x00000000 new         N       N    OgreDynLibManager.cpp(62) ???
001639 0x019FA970 0x00000008 0x019FA960 0x00000028 0x00000000 new         N       N    OgreCgProgramManagerDll.cpp(41) ???
001245 0x019FB2D8 0x00000011 0x019FB2C8 0x00000031 0x00000000 new         N       N    ??(0) ??
001246 0x019FB318 0x00000018 0x019FB308 0x00000038 0x00000000 new         N       N    ??(0) ??
001414 0x019FB358 0x00000019 0x019FB348 0x00000039 0x00000000 new         N       N    ??(0) ??
001254 0x019FB3A0 0x00000030 0x019FB390 0x00000050 0x00000000 new         N       N    OgreRenderSystem.cpp(72) ???
001643 0x019FB3F8 0x00000008 0x019FB3E8 0x00000028 0x00000000 new         N       N    OgreCgPlugin.cpp(52) ???
001253 0x019FB428 0x00000468 0x019FB418 0x00000488 0x00000000 new         N       N    OgreGLPlugin.cpp(50) ???
001256 0x019FB8B8 0x0000000D 0x019FB8A8 0x0000002D 0x00000000 new         N       N    ??(0) ??
001456 0x019FB8F0 0x0000002C 0x019FB8E0 0x0000004C 0x00000000 new         N       N    ??(0) ??
001259 0x019FB948 0x0000005C 0x019FB938 0x0000007C 0x00000000 new         N       N    OgreGLUtil.h(35) ???
001260 0x019FB9D0 0x0000000D 0x019FB9C0 0x0000002D 0x00000000 new         N       N    ??(0) ??
001261 0x019FBA08 0x0000000D 0x019FB9F8 0x0000002D 0x00000000 new         N       N    ??(0) ??
002409 0x019FBFC0 0x00000014 0x019FBFB0 0x00000034 0x00000000 new         N       N    ??(0) ??
001292 0x019FC2B0 0x00000010 0x019FC2A0 0x00000030 0x00000000 new         N       N    ??(0) ??
002412 0x019FC338 0x00000022 0x019FC328 0x00000042 0x00000000 new         N       N    ??(0) ??
001573 0x019FC388 0x00000038 0x019FC378 0x00000058 0x00000000 new         N       N    OgreGLSLProgramFactory.cpp(40) ???
001433 0x019FC3E8 0x0000000E 0x019FC3D8 0x0000002E 0x00000000 new         N       N    ??(0) ??
001421 0x019FC420 0x0000000F 0x019FC410 0x0000002F 0x00000000 new         N       N    ??(0) ??
001419 0x019FC458 0x00000010 0x019FC448 0x00000030 0x00000000 new         N       N    ??(0) ??
001417 0x019FC490 0x0000000F 0x019FC480 0x0000002F 0x00000000 new         N       N    ??(0) ??
001661 0x019FC4C8 0x00000010 0x019FC4B8 0x00000030 0x00000000 new         N       N    OgreParticleFXPlugin.cpp(70) ???
001444 0x019FC500 0x0000000E 0x019FC4F0 0x0000002E 0x00000000 new         N       N    ??(0) ??
001649 0x019FC538 0x00000008 0x019FC528 0x00000028 0x00000000 new         N       N    OgreDynLibManager.cpp(62) ???
001438 0x019FC570 0x0000000E 0x019FC560 0x0000002E 0x00000000 new         N       N    ??(0) ??
001428 0x019FC5A8 0x0000000E 0x019FC598 0x0000002E 0x00000000 new         N       N    ??(0) ??
001423 0x019FC5E0 0x0000000E 0x019FC5D0 0x0000002E 0x00000000 new         N       N    ??(0) ??
001668 0x019FC618 0x00000010 0x019FC608 0x00000030 0x00000000 new         N       N    OgreParticleFXPlugin.cpp(75) ???
001446 0x019FC650 0x00000010 0x019FC640 0x00000030 0x00000000 new         N       N    ??(0) ??
001501 0x019FC688 0x0000000F 0x019FC678 0x0000002F 0x00000000 new         N       N    ??(0) ??
001291 0x019FC6C0 0x00000018 0x019FC6B0 0x00000038 0x00000000 new         N       N    ??(0) ??
001294 0x019FC700 0x0000000F 0x019FC6F0 0x0000002F 0x00000000 new         N       N    ??(0) ??
001296 0x019FC738 0x00000010 0x019FC728 0x00000030 0x00000000 new         N       N    ??(0) ??
001297 0x019FC770 0x00000017 0x019FC760 0x00000037 0x00000000 new         N       N    ??(0) ??
001599 0x019FC878 0x00000012 0x019FC868 0x00000032 0x00000000 new         N       N    ??(0) ??
001600 0x019FCA18 0x00000018 0x019FCA08 0x00000038 0x00000000 new         N       N    ??(0) ??
001630 0x019FCA58 0x00000008 0x019FCA48 0x00000028 0x00000000 new         N       N    OgreDynLibManager.cpp(62) ???
001601 0x019FCA88 0x00000012 0x019FCA78 0x00000032 0x00000000 new         N       N    ??(0) ??
001602 0x019FCAC8 0x00000018 0x019FCAB8 0x00000038 0x00000000 new         N       N    ??(0) ??
001590 0x019FCB08 0x00000018 0x019FCAF8 0x00000038 0x00000000 new         N       N    ??(0) ??
001589 0x019FCB48 0x00000018 0x019FCB38 0x00000038 0x00000000 new         N       N    ??(0) ??
001588 0x019FCB88 0x00000018 0x019FCB78 0x00000038 0x00000000 new         N       N    ??(0) ??
001580 0x019FCBC8 0x00000018 0x019FCBB8 0x00000038 0x00000000 new         N       N    ??(0) ??
001579 0x019FCC08 0x00000011 0x019FCBF8 0x00000031 0x00000000 new         N       N    ??(0) ??
001578 0x019FCC48 0x00000018 0x019FCC38 0x00000038 0x00000000 new         N       N    ??(0) ??
001577 0x019FCC88 0x00000011 0x019FCC78 0x00000031 0x00000000 new         N       N    ??(0) ??
001450 0x019FCCC8 0x00000011 0x019FCCB8 0x00000031 0x00000000 new         N       N    ??(0) ??
001448 0x019FCD08 0x00000014 0x019FCCF8 0x00000034 0x00000000 new         N       N    ??(0) ??
001422 0x019FCD48 0x00000011 0x019FCD38 0x00000031 0x00000000 new         N       N    ??(0) ??
001416 0x019FCD88 0x00000012 0x019FCD78 0x00000032 0x00000000 new         N       N    ??(0) ??
001332 0x019FCE88 0x00000017 0x019FCE78 0x00000037 0x00000000 new         N       N    ??(0) ??
001737 0x019FCEC8 0x00000018 0x019FCEB8 0x00000038 0x00000000 new         N       N    ??(0) ??
001334 0x019FCF08 0x00000017 0x019FCEF8 0x00000037 0x00000000 new         N       N    ??(0) ??
001736 0x019FCF48 0x00000013 0x019FCF38 0x00000033 0x00000000 new         N       N    ??(0) ??
001730 0x019FCF88 0x00000018 0x019FCF78 0x00000038 0x00000000 new         N       N    ??(0) ??
001337 0x019FCFC8 0x00000017 0x019FCFB8 0x00000037 0x00000000 new         N       N    ??(0) ??
001309 0x019FD018 0x00000016 0x019FD008 0x00000036 0x00000000 new         N       N    ??(0) ??
001594 0x019FD058 0x00000018 0x019FD048 0x00000038 0x00000000 new         N       N    ??(0) ??
001592 0x019FD098 0x00000018 0x019FD088 0x00000038 0x00000000 new         N       N    ??(0) ??
001313 0x019FD0D8 0x00000016 0x019FD0C8 0x00000036 0x00000000 new         N       N    ??(0) ??
001690 0x019FD118 0x00000018 0x019FD108 0x00000038 0x00000000 new         N       N    ??(0) ??
001689 0x019FD158 0x00000011 0x019FD148 0x00000031 0x00000000 new         N       N    ??(0) ??
001684 0x019FD198 0x00000018 0x019FD188 0x00000038 0x00000000 new         N       N    ??(0) ??
001627 0x019FD1D8 0x00000018 0x019FD1C8 0x00000038 0x00000000 new         N       N    ??(0) ??
001574 0x019FD218 0x00000304 0x019FD208 0x00000324 0x00000000 new         N       N    ??(0) ??
001657 0x019FD5D0 0x0000001C 0x019FD5C0 0x0000003C 0x00000000 new         N       N    OgreParticleFX.cpp(39) ???
001695 0x019FD758 0x00000010 0x019FD748 0x00000030 0x00000000 new         N       N    OgreParticleFXPlugin.cpp(95) ???
001688 0x019FD790 0x00000010 0x019FD780 0x00000030 0x00000000 new         N       N    OgreParticleFXPlugin.cpp(90) ???
001701 0x019FD7C8 0x00000010 0x019FD7B8 0x00000030 0x00000000 new         N       N    OgreParticleFXPlugin.cpp(103) ???
001694 0x019FD800 0x00000020 0x019FD7F0 0x00000040 0x00000000 new         N       N    ??(0) ??
001696 0x019FD848 0x0000001C 0x019FD838 0x0000003C 0x00000000 new         N       N    ??(0) ??
002411 0x019FD890 0x0000001D 0x019FD880 0x0000003D 0x00000000 new         N       N    ??(0) ??
002413 0x019FE940 0x00000042 0x019FE930 0x00000062 0x00000000 new         N       N    ??(0) ??
001626 0x01A015D0 0x00000018 0x01A015C0 0x00000038 0x00000000 new         N       N    ??(0) ??
001625 0x01A01738 0x00000013 0x01A01728 0x00000033 0x00000000 new         N       N    ??(0) ??
001624 0x01A01778 0x00000018 0x01A01768 0x00000038 0x00000000 new         N       N    ??(0) ??
001618 0x01A017B8 0x00000018 0x01A017A8 0x00000038 0x00000000 new         N       N    ??(0) ??
001619 0x01A017F8 0x00000013 0x01A017E8 0x00000033 0x00000000 new         N       N    ??(0) ??
001349 0x01A01838 0x00000017 0x01A01828 0x00000037 0x00000000 new         N       N    ??(0) ??
001617 0x01A01878 0x00000013 0x01A01868 0x00000033 0x00000000 new         N       N    ??(0) ??
001613 0x01A018B8 0x00000013 0x01A018A8 0x00000033 0x00000000 new         N       N    ??(0) ??
001610 0x01A018F8 0x00000018 0x01A018E8 0x00000038 0x00000000 new         N       N    ??(0) ??
001611 0x01A01938 0x00000013 0x01A01928 0x00000033 0x00000000 new         N       N    ??(0) ??
001612 0x01A01978 0x00000018 0x01A01968 0x00000038 0x00000000 new         N       N    ??(0) ??
001603 0x01A019B8 0x00000011 0x01A019A8 0x00000031 0x00000000 new         N       N    ??(0) ??
001604 0x01A019F8 0x00000018 0x01A019E8 0x00000038 0x00000000 new         N       N    ??(0) ??
001605 0x01A01A38 0x00000011 0x01A01A28 0x00000031 0x00000000 new         N       N    ??(0) ??
001606 0x01A01A78 0x00000018 0x01A01A68 0x00000038 0x00000000 new         N       N    ??(0) ??
001359 0x01A01AB8 0x00000018 0x01A01AA8 0x00000038 0x00000000 new         N       N    ??(0) ??
001683 0x01A01AF8 0x00000015 0x01A01AE8 0x00000035 0x00000000 new         N       N    ??(0) ??
001677 0x01A01B38 0x00000018 0x01A01B28 0x00000038 0x00000000 new         N       N    ??(0) ??
001676 0x01A01B78 0x00000016 0x01A01B68 0x00000036 0x00000000 new         N       N    ??(0) ??
001598 0x01A01BB8 0x00000018 0x01A01BA8 0x00000038 0x00000000 new         N       N    ??(0) ??
001597 0x01A01BF8 0x00000012 0x01A01BE8 0x00000032 0x00000000 new         N       N    ??(0) ??
001596 0x01A01C38 0x00000018 0x01A01C28 0x00000038 0x00000000 new         N       N    ??(0) ??
001366 0x01A01C78 0x00000016 0x01A01C68 0x00000036 0x00000000 new         N       N    ??(0) ??
001367 0x01A01CB8 0x00000016 0x01A01CA8 0x00000036 0x00000000 new         N       N    ??(0) ??
001587 0x01A01CF8 0x00000016 0x01A01CE8 0x00000036 0x00000000 new         N       N    ??(0) ??
001586 0x01A01D38 0x00000018 0x01A01D28 0x00000038 0x00000000 new         N       N    ??(0) ??
001585 0x01A01D78 0x00000016 0x01A01D68 0x00000036 0x00000000 new         N       N    ??(0) ??
001584 0x01A01DB8 0x00000018 0x01A01DA8 0x00000038 0x00000000 new         N       N    ??(0) ??
001372 0x01A01DF8 0x00000016 0x01A01DE8 0x00000036 0x00000000 new         N       N    ??(0) ??
001583 0x01A01E38 0x00000016 0x01A01E28 0x00000036 0x00000000 new         N       N    ??(0) ??
001582 0x01A01E78 0x00000018 0x01A01E68 0x00000038 0x00000000 new         N       N    ??(0) ??
001581 0x01A01EB8 0x00000011 0x01A01EA8 0x00000031 0x00000000 new         N       N    ??(0) ??
001376 0x01A01EF8 0x00004E00 0x01A01EE8 0x00004E20 0x00000000 new         N       N    ??(0) ??
001377 0x01A06D20 0x00000016 0x01A06D10 0x00000036 0x00000000 new         N       N    ??(0) ??
001576 0x01A06D60 0x00000018 0x01A06D50 0x00000038 0x00000000 new         N       N    ??(0) ??
001575 0x01A06DA0 0x00000012 0x01A06D90 0x00000032 0x00000000 new         N       N    ??(0) ??
001486 0x01A06DE0 0x00000014 0x01A06DD0 0x00000034 0x00000000 new         N       N    ??(0) ??
001755 0x01A06E20 0x00000018 0x01A06E10 0x00000038 0x00000000 new         N       N    ??(0) ??
001749 0x01A06E60 0x00000018 0x01A06E50 0x00000038 0x00000000 new         N       N    ??(0) ??
001743 0x01A06EA0 0x00000018 0x01A06E90 0x00000038 0x00000000 new         N       N    ??(0) ??
001742 0x01A06EE0 0x00000014 0x01A06ED0 0x00000034 0x00000000 new         N       N    ??(0) ??
001724 0x01A06F20 0x00000018 0x01A06F10 0x00000038 0x00000000 new         N       N    ??(0) ??
001723 0x01A06F60 0x00000018 0x01A06F50 0x00000038 0x00000000 new         N       N    ??(0) ??
001717 0x01A06FA0 0x00000018 0x01A06F90 0x00000038 0x00000000 new         N       N    ??(0) ??
001710 0x01A06FE0 0x00000018 0x01A06FD0 0x00000038 0x00000000 new         N       N    ??(0) ??
001709 0x01A07020 0x00000018 0x01A07010 0x00000038 0x00000000 new         N       N    ??(0) ??
001703 0x01A07060 0x00000018 0x01A07050 0x00000038 0x00000000 new         N       N    ??(0) ??
001702 0x01A070A0 0x00000018 0x01A07090 0x00000038 0x00000000 new         N       N    ??(0) ??
001697 0x01A070E0 0x00000018 0x01A070D0 0x00000038 0x00000000 new         N       N    ??(0) ??
001636 0x01A07120 0x00000018 0x01A07110 0x00000038 0x00000000 new         N       N    ??(0) ??
001646 0x01A07160 0x00000018 0x01A07150 0x00000038 0x00000000 new         N       N    ??(0) ??
001397 0x01A071E0 0x00000017 0x01A071D0 0x00000037 0x00000000 new         N       N    ??(0) ??
001623 0x01A07220 0x00000013 0x01A07210 0x00000033 0x00000000 new         N       N    ??(0) ??
001622 0x01A07260 0x00000018 0x01A07250 0x00000038 0x00000000 new         N       N    ??(0) ??
001621 0x01A072A0 0x00000013 0x01A07290 0x00000033 0x00000000 new         N       N    ??(0) ??
001620 0x01A072E0 0x00000018 0x01A072D0 0x00000038 0x00000000 new         N       N    ??(0) ??
001402 0x01A07320 0x00000017 0x01A07310 0x00000037 0x00000000 new         N       N    ??(0) ??
001616 0x01A07360 0x00000018 0x01A07350 0x00000038 0x00000000 new         N       N    ??(0) ??
001615 0x01A073A0 0x00000013 0x01A07390 0x00000033 0x00000000 new         N       N    ??(0) ??
001614 0x01A073E0 0x00000018 0x01A073D0 0x00000038 0x00000000 new         N       N    ??(0) ??
001607 0x01A07420 0x00000011 0x01A07410 0x00000031 0x00000000 new         N       N    ??(0) ??
001608 0x01A07460 0x00000018 0x01A07450 0x00000038 0x00000000 new         N       N    ??(0) ??
001609 0x01A074A0 0x00000013 0x01A07490 0x00000033 0x00000000 new         N       N    ??(0) ??
001409 0x01A074E0 0x00000017 0x01A074D0 0x00000037 0x00000000 new         N       N    ??(0) ??
001670 0x01A07520 0x00000018 0x01A07510 0x00000038 0x00000000 new         N       N    ??(0) ??
001663 0x01A07560 0x00000018 0x01A07550 0x00000038 0x00000000 new         N       N    ??(0) ??
001662 0x01A075A0 0x00000012 0x01A07590 0x00000032 0x00000000 new         N       N    ??(0) ??
001654 0x01A075E0 0x00000018 0x01A075D0 0x00000038 0x00000000 new         N       N    ??(0) ??
001415 0x01A07620 0x0000001E 0x01A07610 0x0000003E 0x00000000 new         N       N    ??(0) ??
001442 0x01A07668 0x0000000F 0x01A07658 0x0000002F 0x00000000 new         N       N    ??(0) ??
001452 0x01A076A0 0x00000010 0x01A07690 0x00000030 0x00000000 new         N       N    ??(0) ??
001591 0x01A076D8 0x0000001C 0x01A076C8 0x0000003C 0x00000000 new         N       N    ??(0) ??
001445 0x01A07720 0x0000001F 0x01A07710 0x0000003F 0x00000000 new         N       N    ??(0) ??
001458 0x01A07768 0x00000008 0x01A07758 0x00000028 0x00000000 new         N       N    ??(0) ??
001492 0x01A07798 0x0000000C 0x01A07788 0x0000002C 0x00000000 new         N       N    ??(0) ??
001462 0x01A077D0 0x0000002C 0x01A077C0 0x0000004C 0x00000000 new         N       N    ??(0) ??
001480 0x01A07828 0x00000008 0x01A07818 0x00000028 0x00000000 new         N       N    ??(0) ??
001464 0x01A07858 0x00000038 0x01A07848 0x00000058 0x00000000 new         N       N    ??(0) ??
001468 0x01A078B8 0x0000002C 0x01A078A8 0x0000004C 0x00000000 new         N       N    ??(0) ??
001473 0x01A07910 0x0000002C 0x01A07900 0x0000004C 0x00000000 new         N       N    ??(0) ??
001572 0x01A07968 0x00000008 0x01A07958 0x00000028 0x00000000 new         N       N    OgreGLPlugin.cpp(54) ???
001478 0x01A07998 0x0000002C 0x01A07988 0x0000004C 0x00000000 new         N       N    ??(0) ??
001571 0x01A079F0 0x00000004 0x01A079E0 0x00000024 0x00000000 new         N       N    ??(0) ??
001484 0x01A07A20 0x0000002C 0x01A07A10 0x0000004C 0x00000000 new         N       N    ??(0) ??
001490 0x01A07AA8 0x0000002C 0x01A07A98 0x0000004C 0x00000000 new         N       N    ??(0) ??
001540 0x01A07B00 0x00000020 0x01A07AF0 0x00000040 0x00000000 new         N       N    ??(0) ??
001506 0x01A07B48 0x0000000F 0x01A07B38 0x0000002F 0x00000000 new         N       N    ??(0) ??
001655 0x01A07B80 0x00000010 0x01A07B70 0x00000030 0x00000000 new         N       N    ??(0) ??
001516 0x01A07BB8 0x0000000F 0x01A07BA8 0x0000002F 0x00000000 new         N       N    ??(0) ??
001635 0x01A07BF0 0x0000000F 0x01A07BE0 0x0000002F 0x00000000 new         N       N    ??(0) ??
001675 0x01A07C28 0x00000010 0x01A07C18 0x00000030 0x00000000 new         N       N    OgreParticleFXPlugin.cpp(80) ???
001526 0x01A07C60 0x0000000F 0x01A07C50 0x0000002F 0x00000000 new         N       N    ??(0) ??
001682 0x01A07C98 0x00000010 0x01A07C88 0x00000030 0x00000000 new         N       N    OgreParticleFXPlugin.cpp(85) ???
001595 0x01A07CD0 0x00000010 0x01A07CC0 0x00000030 0x00000000 new         N       N    ??(0) ??
001535 0x01A07D08 0x0000000F 0x01A07CF8 0x0000002F 0x00000000 new         N       N    ??(0) ??
001539 0x01A07D40 0x0000000F 0x01A07D30 0x0000002F 0x00000000 new         N       N    ??(0) ??
001669 0x01A07D78 0x00000010 0x01A07D68 0x00000030 0x00000000 new         N       N    ??(0) ??
001545 0x01A07DB0 0x00000020 0x01A07DA0 0x00000040 0x00000000 new         N       N    ??(0) ??
001570 0x01A07DF8 0x00000060 0x01A07DE8 0x00000080 0x00000000 new         N       N    ??(0) ??
001593 0x01A07E80 0x0000001C 0x01A07E70 0x0000003C 0x00000000 new         N       N    ??(0) ??
001660 0x01A07ED8 0x00000010 0x01A07EC8 0x00000030 0x00000000 new         N       N    ??(0) ??
001648 0x01A07F10 0x0000002C 0x01A07F00 0x0000004C 0x00000000 new         N       N    ??(0) ??
001629 0x01A07F68 0x00000032 0x01A07F58 0x00000052 0x00000000 new         N       N    ??(0) ??
001708 0x01A0FC40 0x00000010 0x01A0FC30 0x00000030 0x00000000 new         N       N    OgreParticleFXPlugin.cpp(108) ???
001715 0x01A0FC78 0x00000010 0x01A0FC68 0x00000030 0x00000000 new         N       N    OgreParticleFXPlugin.cpp(113) ???
001716 0x01A0FCE0 0x00000019 0x01A0FCD0 0x00000039 0x00000000 new         N       N    ??(0) ??
001735 0x01A0FD28 0x00000010 0x01A0FD18 0x00000030 0x00000000 new         N       N    OgreParticleFXPlugin.cpp(128) ???
001722 0x01A0FD60 0x00000010 0x01A0FD50 0x00000030 0x00000000 new         N       N    OgreParticleFXPlugin.cpp(118) ???
001728 0x01A0FD98 0x00000010 0x01A0FD88 0x00000030 0x00000000 new         N       N    OgreParticleFXPlugin.cpp(123) ???
001729 0x01A0FDD0 0x0000001F 0x01A0FDC0 0x0000003F 0x00000000 new         N       N    ??(0) ??
001741 0x01A0FE18 0x00000010 0x01A0FE08 0x00000030 0x00000000 new         N       N    OgreParticleFXPlugin.cpp(133) ???
001747 0x01A0FE98 0x00000010 0x01A0FE88 0x00000030 0x00000000 new         N       N    OgreParticleFXPlugin.cpp(139) ???
001748 0x01A0FED0 0x00000020 0x01A0FEC0 0x00000040 0x00000000 new         N       N    ??(0) ??
001753 0x01A0FF18 0x00000010 0x01A0FF08 0x00000030 0x00000000 new         N       N    OgreParticleFXPlugin.cpp(144) ???
001754 0x01A0FF50 0x0000001B 0x01A0FF40 0x0000003B 0x00000000 new         N       N    ??(0) ??
